# JRE version: Java(TM) SE Runtime Environment (7.0_79-b15) (build 1.7.0_79-b15)
# Java VM: Java HotSpot(TM) 64-Bit Server VM (24.79-b02 mixed mode windows-amd64 compressed oops)
Heap
 PSYoungGen      total 37376K, used 108K [0x00000007d5500000, 0x00000007d8300000, 0x0000000800000000)
  eden space 27136K, 0% used [0x00000007d5500000,0x00000007d551b310,0x00000007d6f80000)
  from space 10240K, 0% used [0x00000007d6f80000,0x00000007d6f80000,0x00000007d7980000)
  to   space 9728K, 0% used [0x00000007d7980000,0x00000007d7980000,0x00000007d8300000)
 ParOldGen       total 1295872K, used 16357K [0x0000000780000000, 0x00000007cf180000, 0x00000007d5500000)
  object space 1295872K, 1% used [0x0000000780000000,0x0000000780ff9538,0x00000007cf180000)
 PSPermGen       total 83968K, used 83967K [0x000000077ae00000, 0x0000000780000000, 0x0000000780000000)
  object space 83968K, 99% used [0x000000077ae00000,0x000000077fffff10,0x0000000780000000)
GC Heap History (10 events):
Event: 1561.137 GC heap before
{Heap before GC invocations=41 (full 10):
 PSYoungGen      total 37376K, used 96K [0x00000007d5500000, 0x00000007d8380000, 0x0000000800000000)
  eden space 26624K, 0% used [0x00000007d5500000,0x00000007d5500000,0x00000007d6f00000)
  from space 10752K, 0% used [0x00000007d6f00000,0x00000007d6f18000,0x00000007d7980000)
  to   space 10240K, 0% used [0x00000007d7980000,0x00000007d7980000,0x00000007d8380000)
 ParOldGen       total 713216K, used 16492K [0x0000000780000000, 0x00000007ab880000, 0x00000007d5500000)
  object space 713216K, 2% used [0x0000000780000000,0x000000078101b3a0,0x00000007ab880000)
 PSPermGen       total 83968K, used 83967K [0x000000077ae00000, 0x0000000780000000, 0x0000000780000000)
  object space 83968K, 99% used [0x000000077ae00000,0x000000077ffffd60,0x0000000780000000)
Event: 1561.284 GC heap after
Heap after GC invocations=41 (full 10):
 PSYoungGen      total 37376K, used 0K [0x00000007d5500000, 0x00000007d8380000, 0x0000000800000000)
  eden space 26624K, 0% used [0x00000007d5500000,0x00000007d5500000,0x00000007d6f00000)
  from space 10752K, 0% used [0x00000007d6f00000,0x00000007d6f00000,0x00000007d7980000)
  to   space 10240K, 0% used [0x00000007d7980000,0x00000007d7980000,0x00000007d8380000)
 ParOldGen       total 883200K, used 16368K [0x0000000780000000, 0x00000007b5e80000, 0x00000007d5500000)
  object space 883200K, 1% used [0x0000000780000000,0x0000000780ffc160,0x00000007b5e80000)
 PSPermGen       total 83968K, used 83958K [0x000000077ae00000, 0x0000000780000000, 0x0000000780000000)
  object space 83968K, 99% used [0x000000077ae00000,0x000000077fffd9b8,0x0000000780000000)
}
Event: 1561.284 GC heap before
{Heap before GC invocations=42 (full 10):
 PSYoungGen      total 37376K, used 2K [0x00000007d5500000, 0x00000007d8380000, 0x0000000800000000)
  eden space 26624K, 0% used [0x00000007d5500000,0x00000007d5500870,0x00000007d6f00000)
  from space 10752K, 0% used [0x00000007d6f00000,0x00000007d6f00000,0x00000007d7980000)
  to   space 10240K, 0% used [0x00000007d7980000,0x00000007d7980000,0x00000007d8380000)
 ParOldGen       total 883200K, used 16368K [0x0000000780000000, 0x00000007b5e80000, 0x00000007d5500000)
  object space 883200K, 1% used [0x0000000780000000,0x0000000780ffc160,0x00000007b5e80000)
 PSPermGen       total 83968K, used 83967K [0x000000077ae00000, 0x0000000780000000, 0x0000000780000000)
  object space 83968K, 99% used [0x000000077ae00000,0x000000077fffff10,0x0000000780000000)
Event: 1561.287 GC heap after
Heap after GC invocations=42 (full 10):
 PSYoungGen      total 37376K, used 0K [0x00000007d5500000, 0x00000007d8380000, 0x0000000800000000)
  eden space 27136K, 0% used [0x00000007d5500000,0x00000007d5500000,0x00000007d6f80000)
  from space 10240K, 0% used [0x00000007d7980000,0x00000007d7980000,0x00000007d8380000)
  to   space 10240K, 0% used [0x00000007d6f80000,0x00000007d6f80000,0x00000007d7980000)
 ParOldGen       total 883200K, used 16368K [0x0000000780000000, 0x00000007b5e80000, 0x00000007d5500000)
  object space 883200K, 1% used [0x0000000780000000,0x0000000780ffc160,0x00000007b5e80000)
 PSPermGen       total 83968K, used 83967K [0x000000077ae00000, 0x0000000780000000, 0x0000000780000000)
  object space 83968K, 99% used [0x000000077ae00000,0x000000077fffff10,0x0000000780000000)
}
Event: 1561.287 GC heap before
{Heap before GC invocations=43 (full 11):
 PSYoungGen      total 37376K, used 0K [0x00000007d5500000, 0x00000007d8380000, 0x0000000800000000)
  eden space 27136K, 0% used [0x00000007d5500000,0x00000007d5500000,0x00000007d6f80000)
  from space 10240K, 0% used [0x00000007d7980000,0x00000007d7980000,0x00000007d8380000)
  to   space 10240K, 0% used [0x00000007d6f80000,0x00000007d6f80000,0x00000007d7980000)
 ParOldGen       total 883200K, used 16368K [0x0000000780000000, 0x00000007b5e80000, 0x00000007d5500000)
  object space 883200K, 1% used [0x0000000780000000,0x0000000780ffc160,0x00000007b5e80000)
 PSPermGen       total 83968K, used 83967K [0x000000077ae00000, 0x0000000780000000, 0x0000000780000000)
  object space 83968K, 99% used [0x000000077ae00000,0x000000077fffff10,0x0000000780000000)
Event: 1561.420 GC heap after
Heap after GC invocations=43 (full 11):
 PSYoungGen      total 37376K, used 0K [0x00000007d5500000, 0x00000007d8380000, 0x0000000800000000)
  eden space 27136K, 0% used [0x00000007d5500000,0x00000007d5500000,0x00000007d6f80000)
  from space 10240K, 0% used [0x00000007d7980000,0x00000007d7980000,0x00000007d8380000)
  to   space 10240K, 0% used [0x00000007d6f80000,0x00000007d6f80000,0x00000007d7980000)
 ParOldGen       total 1069568K, used 16357K [0x0000000780000000, 0x00000007c1480000, 0x00000007d5500000)
  object space 1069568K, 1% used [0x0000000780000000,0x0000000780ff9730,0x00000007c1480000)
 PSPermGen       total 83968K, used 83967K [0x000000077ae00000, 0x0000000780000000, 0x0000000780000000)
  object space 83968K, 99% used [0x000000077ae00000,0x000000077fffff10,0x0000000780000000)
}
Event: 1561.420 GC heap before
{Heap before GC invocations=44 (full 11):
 PSYoungGen      total 37376K, used 0K [0x00000007d5500000, 0x00000007d8380000, 0x0000000800000000)
  eden space 27136K, 0% used [0x00000007d5500000,0x00000007d5500000,0x00000007d6f80000)
  from space 10240K, 0% used [0x00000007d7980000,0x00000007d7980000,0x00000007d8380000)
  to   space 10240K, 0% used [0x00000007d6f80000,0x00000007d6f80000,0x00000007d7980000)
 ParOldGen       total 1069568K, used 16357K [0x0000000780000000, 0x00000007c1480000, 0x00000007d5500000)
  object space 1069568K, 1% used [0x0000000780000000,0x0000000780ff9730,0x00000007c1480000)
 PSPermGen       total 83968K, used 83967K [0x000000077ae00000, 0x0000000780000000, 0x0000000780000000)
  object space 83968K, 99% used [0x000000077ae00000,0x000000077fffff10,0x0000000780000000)
Event: 1561.423 GC heap after
Heap after GC invocations=44 (full 11):
 PSYoungGen      total 37376K, used 0K [0x00000007d5500000, 0x00000007d8300000, 0x0000000800000000)
  eden space 27136K, 0% used [0x00000007d5500000,0x00000007d5500000,0x00000007d6f80000)
  from space 10240K, 0% used [0x00000007d6f80000,0x00000007d6f80000,0x00000007d7980000)
  to   space 9728K, 0% used [0x00000007d7980000,0x00000007d7980000,0x00000007d8300000)
 ParOldGen       total 1069568K, used 16357K [0x0000000780000000, 0x00000007c1480000, 0x00000007d5500000)
  object space 1069568K, 1% used [0x0000000780000000,0x0000000780ff9730,0x00000007c1480000)
 PSPermGen       total 83968K, used 83967K [0x000000077ae00000, 0x0000000780000000, 0x0000000780000000)
  object space 83968K, 99% used [0x000000077ae00000,0x000000077fffff10,0x0000000780000000)
}
Event: 1561.423 GC heap before
{Heap before GC invocations=45 (full 12):
 PSYoungGen      total 37376K, used 0K [0x00000007d5500000, 0x00000007d8300000, 0x0000000800000000)
  eden space 27136K, 0% used [0x00000007d5500000,0x00000007d5500000,0x00000007d6f80000)
  from space 10240K, 0% used [0x00000007d6f80000,0x00000007d6f80000,0x00000007d7980000)
  to   space 9728K, 0% used [0x00000007d7980000,0x00000007d7980000,0x00000007d8300000)
 ParOldGen       total 1069568K, used 16357K [0x0000000780000000, 0x00000007c1480000, 0x00000007d5500000)
  object space 1069568K, 1% used [0x0000000780000000,0x0000000780ff9730,0x00000007c1480000)
 PSPermGen       total 83968K, used 83967K [0x000000077ae00000, 0x0000000780000000, 0x0000000780000000)
  object space 83968K, 99% used [0x000000077ae00000,0x000000077fffff10,0x0000000780000000)
Event: 1561.580 GC heap after
Heap after GC invocations=45 (full 12):
 PSYoungGen      total 37376K, used 0K [0x00000007d5500000, 0x00000007d8300000, 0x0000000800000000)
  eden space 27136K, 0% used [0x00000007d5500000,0x00000007d5500000,0x00000007d6f80000)
  from space 10240K, 0% used [0x00000007d6f80000,0x00000007d6f80000,0x00000007d7980000)
  to   space 9728K, 0% used [0x00000007d7980000,0x00000007d7980000,0x00000007d8300000)
 ParOldGen       total 1295872K, used 16357K [0x0000000780000000, 0x00000007cf180000, 0x00000007d5500000)
  object space 1295872K, 1% used [0x0000000780000000,0x0000000780ff9538,0x00000007cf180000)
 PSPermGen       total 83968K, used 83967K [0x000000077ae00000, 0x0000000780000000, 0x0000000780000000)
  object space 83968K, 99% used [0x000000077ae00000,0x000000077fffff10,0x0000000780000000)
}

