# JRE version: Java(TM) SE Runtime Environment (7.0_79-b15) (build 1.7.0_79-b15)
# Java VM: Java HotSpot(TM) 64-Bit Server VM (24.79-b02 mixed mode windows-amd64 compressed oops)
Heap
 PSYoungGen      total 37376K, used 2K [0x00000007d5500000, 0x00000007d7a80000, 0x0000000800000000)
  eden space 36352K, 0% used [0x00000007d5500000,0x00000007d55008a0,0x00000007d7880000)
  from space 1024K, 0% used [0x00000007d7980000,0x00000007d7980000,0x00000007d7a80000)
  to   space 1024K, 0% used [0x00000007d7880000,0x00000007d7880000,0x00000007d7980000)
 ParOldGen       total 1397760K, used 15766K [0x0000000780000000, 0x00000007d5500000, 0x00000007d5500000)
  object space 1397760K, 1% used [0x0000000780000000,0x0000000780f658d0,0x00000007d5500000)
 PSPermGen       total 83968K, used 83967K [0x000000077ae00000, 0x0000000780000000, 0x0000000780000000)
  object space 83968K, 99% used [0x000000077ae00000,0x000000077ffffd30,0x0000000780000000)
GC Heap History (10 events):
Event: 5047.796 GC heap before
{Heap before GC invocations=138 (full 50):
 PSYoungGen      total 36864K, used 96K [0x00000007d5500000, 0x00000007d7a00000, 0x0000000800000000)
  eden space 35840K, 0% used [0x00000007d5500000,0x00000007d5500000,0x00000007d7800000)
  from space 1024K, 9% used [0x00000007d7900000,0x00000007d7918000,0x00000007d7a00000)
  to   space 1024K, 0% used [0x00000007d7800000,0x00000007d7800000,0x00000007d7900000)
 ParOldGen       total 1397760K, used 15766K [0x0000000780000000, 0x00000007d5500000, 0x00000007d5500000)
  object space 1397760K, 1% used [0x0000000780000000,0x0000000780f658d0,0x00000007d5500000)
 PSPermGen       total 83968K, used 83967K [0x000000077ae00000, 0x0000000780000000, 0x0000000780000000)
  object space 83968K, 99% used [0x000000077ae00000,0x000000077ffffff8,0x0000000780000000)
Event: 5047.933 GC heap after
Heap after GC invocations=138 (full 50):
 PSYoungGen      total 36864K, used 0K [0x00000007d5500000, 0x00000007d7a00000, 0x0000000800000000)
  eden space 35840K, 0% used [0x00000007d5500000,0x00000007d5500000,0x00000007d7800000)
  from space 1024K, 0% used [0x00000007d7900000,0x00000007d7900000,0x00000007d7a00000)
  to   space 1024K, 0% used [0x00000007d7800000,0x00000007d7800000,0x00000007d7900000)
 ParOldGen       total 1397760K, used 15766K [0x0000000780000000, 0x00000007d5500000, 0x00000007d5500000)
  object space 1397760K, 1% used [0x0000000780000000,0x0000000780f658d0,0x00000007d5500000)
 PSPermGen       total 83968K, used 83964K [0x000000077ae00000, 0x0000000780000000, 0x0000000780000000)
  object space 83968K, 99% used [0x000000077ae00000,0x000000077ffff2d0,0x0000000780000000)
}
Event: 5047.933 GC heap before
{Heap before GC invocations=139 (full 50):
 PSYoungGen      total 36864K, used 2K [0x00000007d5500000, 0x00000007d7a00000, 0x0000000800000000)
  eden space 35840K, 0% used [0x00000007d5500000,0x00000007d5500868,0x00000007d7800000)
  from space 1024K, 0% used [0x00000007d7900000,0x00000007d7900000,0x00000007d7a00000)
  to   space 1024K, 0% used [0x00000007d7800000,0x00000007d7800000,0x00000007d7900000)
 ParOldGen       total 1397760K, used 15766K [0x0000000780000000, 0x00000007d5500000, 0x00000007d5500000)
  object space 1397760K, 1% used [0x0000000780000000,0x0000000780f658d0,0x00000007d5500000)
 PSPermGen       total 83968K, used 83967K [0x000000077ae00000, 0x0000000780000000, 0x0000000780000000)
  object space 83968K, 99% used [0x000000077ae00000,0x000000077ffffd30,0x0000000780000000)
Event: 5047.936 GC heap after
Heap after GC invocations=139 (full 50):
 PSYoungGen      total 36864K, used 0K [0x00000007d5500000, 0x00000007d7a80000, 0x0000000800000000)
  eden space 35840K, 0% used [0x00000007d5500000,0x00000007d5500000,0x00000007d7800000)
  from space 1024K, 0% used [0x00000007d7800000,0x00000007d7800000,0x00000007d7900000)
  to   space 1024K, 0% used [0x00000007d7980000,0x00000007d7980000,0x00000007d7a80000)
 ParOldGen       total 1397760K, used 15766K [0x0000000780000000, 0x00000007d5500000, 0x00000007d5500000)
  object space 1397760K, 1% used [0x0000000780000000,0x0000000780f658d0,0x00000007d5500000)
 PSPermGen       total 83968K, used 83967K [0x000000077ae00000, 0x0000000780000000, 0x0000000780000000)
  object space 83968K, 99% used [0x000000077ae00000,0x000000077ffffd30,0x0000000780000000)
}
Event: 5047.936 GC heap before
{Heap before GC invocations=140 (full 51):
 PSYoungGen      total 36864K, used 0K [0x00000007d5500000, 0x00000007d7a80000, 0x0000000800000000)
  eden space 35840K, 0% used [0x00000007d5500000,0x00000007d5500000,0x00000007d7800000)
  from space 1024K, 0% used [0x00000007d7800000,0x00000007d7800000,0x00000007d7900000)
  to   space 1024K, 0% used [0x00000007d7980000,0x00000007d7980000,0x00000007d7a80000)
 ParOldGen       total 1397760K, used 15766K [0x0000000780000000, 0x00000007d5500000, 0x00000007d5500000)
  object space 1397760K, 1% used [0x0000000780000000,0x0000000780f658d0,0x00000007d5500000)
 PSPermGen       total 83968K, used 83967K [0x000000077ae00000, 0x0000000780000000, 0x0000000780000000)
  object space 83968K, 99% used [0x000000077ae00000,0x000000077ffffd30,0x0000000780000000)
Event: 5048.079 GC heap after
Heap after GC invocations=140 (full 51):
 PSYoungGen      total 36864K, used 0K [0x00000007d5500000, 0x00000007d7a80000, 0x0000000800000000)
  eden space 35840K, 0% used [0x00000007d5500000,0x00000007d5500000,0x00000007d7800000)
  from space 1024K, 0% used [0x00000007d7800000,0x00000007d7800000,0x00000007d7900000)
  to   space 1024K, 0% used [0x00000007d7980000,0x00000007d7980000,0x00000007d7a80000)
 ParOldGen       total 1397760K, used 15766K [0x0000000780000000, 0x00000007d5500000, 0x00000007d5500000)
  object space 1397760K, 1% used [0x0000000780000000,0x0000000780f658d0,0x00000007d5500000)
 PSPermGen       total 83968K, used 83967K [0x000000077ae00000, 0x0000000780000000, 0x0000000780000000)
  object space 83968K, 99% used [0x000000077ae00000,0x000000077ffffd30,0x0000000780000000)
}
Event: 5048.079 GC heap before
{Heap before GC invocations=141 (full 51):
 PSYoungGen      total 36864K, used 0K [0x00000007d5500000, 0x00000007d7a80000, 0x0000000800000000)
  eden space 35840K, 0% used [0x00000007d5500000,0x00000007d5500000,0x00000007d7800000)
  from space 1024K, 0% used [0x00000007d7800000,0x00000007d7800000,0x00000007d7900000)
  to   space 1024K, 0% used [0x00000007d7980000,0x00000007d7980000,0x00000007d7a80000)
 ParOldGen       total 1397760K, used 15766K [0x0000000780000000, 0x00000007d5500000, 0x00000007d5500000)
  object space 1397760K, 1% used [0x0000000780000000,0x0000000780f658d0,0x00000007d5500000)
 PSPermGen       total 83968K, used 83967K [0x000000077ae00000, 0x0000000780000000, 0x0000000780000000)
  object space 83968K, 99% used [0x000000077ae00000,0x000000077ffffd30,0x0000000780000000)
Event: 5048.082 GC heap after
Heap after GC invocations=141 (full 51):
 PSYoungGen      total 37376K, used 0K [0x00000007d5500000, 0x00000007d7a80000, 0x0000000800000000)
  eden space 36352K, 0% used [0x00000007d5500000,0x00000007d5500000,0x00000007d7880000)
  from space 1024K, 0% used [0x00000007d7980000,0x00000007d7980000,0x00000007d7a80000)
  to   space 1024K, 0% used [0x00000007d7880000,0x00000007d7880000,0x00000007d7980000)
 ParOldGen       total 1397760K, used 15766K [0x0000000780000000, 0x00000007d5500000, 0x00000007d5500000)
  object space 1397760K, 1% used [0x0000000780000000,0x0000000780f658d0,0x00000007d5500000)
 PSPermGen       total 83968K, used 83967K [0x000000077ae00000, 0x0000000780000000, 0x0000000780000000)
  object space 83968K, 99% used [0x000000077ae00000,0x000000077ffffd30,0x0000000780000000)
}
Event: 5048.082 GC heap before
{Heap before GC invocations=142 (full 52):
 PSYoungGen      total 37376K, used 0K [0x00000007d5500000, 0x00000007d7a80000, 0x0000000800000000)
  eden space 36352K, 0% used [0x00000007d5500000,0x00000007d5500000,0x00000007d7880000)
  from space 1024K, 0% used [0x00000007d7980000,0x00000007d7980000,0x00000007d7a80000)
  to   space 1024K, 0% used [0x00000007d7880000,0x00000007d7880000,0x00000007d7980000)
 ParOldGen       total 1397760K, used 15766K [0x0000000780000000, 0x00000007d5500000, 0x00000007d5500000)
  object space 1397760K, 1% used [0x0000000780000000,0x0000000780f658d0,0x00000007d5500000)
 PSPermGen       total 83968K, used 83967K [0x000000077ae00000, 0x0000000780000000, 0x0000000780000000)
  object space 83968K, 99% used [0x000000077ae00000,0x000000077ffffd30,0x0000000780000000)
Event: 5048.229 GC heap after
Heap after GC invocations=142 (full 52):
 PSYoungGen      total 37376K, used 0K [0x00000007d5500000, 0x00000007d7a80000, 0x0000000800000000)
  eden space 36352K, 0% used [0x00000007d5500000,0x00000007d5500000,0x00000007d7880000)
  from space 1024K, 0% used [0x00000007d7980000,0x00000007d7980000,0x00000007d7a80000)
  to   space 1024K, 0% used [0x00000007d7880000,0x00000007d7880000,0x00000007d7980000)
 ParOldGen       total 1397760K, used 15766K [0x0000000780000000, 0x00000007d5500000, 0x00000007d5500000)
  object space 1397760K, 1% used [0x0000000780000000,0x0000000780f658d0,0x00000007d5500000)
 PSPermGen       total 83968K, used 83967K [0x000000077ae00000, 0x0000000780000000, 0x0000000780000000)
  object space 83968K, 99% used [0x000000077ae00000,0x000000077ffffd30,0x0000000780000000)
}

